2016-04-18 1:30:23 - MOD: Modification Default
FILE: system/engine/action.php
REGEX: ~(require|include)(_once)?\(([^)]+)~
LINE: 39
FILE: system/engine/loader.php
REGEX: ~(require|include)(_once)?\(([^)]+)~
LINE: 20
LINE: 59
LINE: 80
LINE: 99
FILE: system/library/config.php
REGEX: ~(require|include)(_once)?\(([^)]+)~
LINE: 23
FILE: system/library/language.php
REGEX: ~(require|include)(_once)?\(([^)]+)~
LINE: 25
LINE: 31
----------------------------------------------------------------
MOD: NewsPostsSystem
FILE: admin/view/template/common/menu.tpl
CODE: <li><a href="<?php echo $information; ?>"><?php echo $text_information; ?></a></li>
LINE: 21
CODE: <li><a href="<?php echo $information; ?>"><?php echo $text_information; ?></a></li>
LINE: 21
FILE: admin/controller/common/menu.php
CODE: $data['feed'] = $this->url->link('extension/feed', 'token=' . $this->session->data['token'], 'SSL');
LINE: 132
CODE: $data['feed'] = $this->url->link('extension/feed', 'token=' . $this->session->data['token'], 'SSL');
LINE: 132
FILE: catalog/controller/common/footer.php
CODE: $data['text_account']
LINE: 21
CODE: $data['text_account']
LINE: 21
FILE: catalog/language/english/common/footer.php
CODE: $_
LINE: 5
LINE: 9
LINE: 13
LINE: 17
LINE: 21
LINE: 25
LINE: 29
LINE: 33
LINE: 37
LINE: 41
LINE: 45
LINE: 49
LINE: 53
LINE: 57
LINE: 61
CODE: $_
LINE: 5
LINE: 10
LINE: 15
LINE: 20
LINE: 25
LINE: 30
LINE: 35
LINE: 40
LINE: 45
LINE: 50
LINE: 55
LINE: 60
LINE: 65
LINE: 70
LINE: 75
LINE: 80
LINE: 85
LINE: 90
LINE: 95
LINE: 100
LINE: 105
LINE: 110
LINE: 115
LINE: 120
LINE: 125
LINE: 130
LINE: 135
LINE: 140
LINE: 145
LINE: 150
FILE: catalog/language/russian/common/footer.php
CODE: $_
LINE: 5
LINE: 9
LINE: 13
LINE: 17
LINE: 21
LINE: 25
LINE: 29
LINE: 33
LINE: 37
LINE: 41
LINE: 45
LINE: 49
LINE: 53
LINE: 57
LINE: 61
CODE: $_
LINE: 5
LINE: 10
LINE: 15
LINE: 20
LINE: 25
LINE: 30
LINE: 35
LINE: 40
LINE: 45
LINE: 50
LINE: 55
LINE: 60
LINE: 65
LINE: 70
LINE: 75
LINE: 80
LINE: 85
LINE: 90
LINE: 95
LINE: 100
LINE: 105
LINE: 110
LINE: 115
LINE: 120
LINE: 125
LINE: 130
LINE: 135
LINE: 140
LINE: 145
LINE: 150
FILE: catalog/view/theme/default/template/common/footer.tpl
CODE: <li><a href="<?php echo $voucher; ?>"><?php echo $text_voucher; ?></a></li>
NOT FOUND!
CODE: <li><a href="<?php echo $voucher; ?>"><?php echo $text_voucher; ?></a></li>
NOT FOUND!
FILE: catalog/controller/common/seo_url.php
CODE: if ($url[0] == 'information_id') {
LINE: 44
CODE: } elseif (isset($this->request->get['information_id'])) {
LINE: 69
CODE: if (($data['route'] == 'product/product' && $key == 'product_id') || (($data['route'] == 'product/manufacturer/info' || $data['route'] == 'product/product') && $key == 'manufacturer_id') || ($data['route'] == 'information/information' && $key == 'information_id')) {
LINE: 91
CODE: if ($url[0] == 'information_id') {
LINE: 49
CODE: } elseif (isset($this->request->get['information_id'])) {
LINE: 78
CODE: if (($data['route'] == 'product/product' && $key == 'product_id') || (($data['route'] == 'product/manufacturer/info' || $data['route'] == 'product/product') && $key == 'manufacturer_id') || ($data['route'] == 'information/information' && $key == 'information_id')) {
NOT FOUND!
CODE: if ($query->row['query'] && $url[0] != 'information_id' && $url[0] != 'manufacturer_id' && $url[0] != 'category_id' && $url[0] != 'product_id') {
LINE: 53
----------------------------------------------------------------
